# JRE version: Java(TM) SE Runtime Environment 18.9 (11.0.11+9) (build 11.0.11+9-LTS-194)
# Java VM: Java HotSpot(TM) 64-Bit Server VM 18.9 (11.0.11+9-LTS-194, mixed mode, tiered, compressed oops, g1 gc, windows-amd64)
Heap:
 garbage-first heap   total 309248K, used 298300K [0x0000000086600000, 0x0000000100000000)
  region size 1024K, 7 young (7168K), 2 survivors (2048K)
 Metaspace       used 30983K, capacity 32049K, committed 32128K, reserved 1077248K
  class space    used 3461K, capacity 3891K, committed 3968K, reserved 1048576K
GC Heap History (10 events):
Event: 167.042 GC heap before
{Heap before GC invocations=33 (full 0):
 garbage-first heap   total 299008K, used 298208K [0x0000000086600000, 0x0000000100000000)
  region size 1024K, 6 young (6144K), 1 survivors (1024K)
 Metaspace       used 30317K, capacity 31387K, committed 31616K, reserved 1077248K
  class space    used 3444K, capacity 3873K, committed 3968K, reserved 1048576K
}
Event: 167.045 GC heap after
{Heap after GC invocations=34 (full 0):
 garbage-first heap   total 301056K, used 293243K [0x0000000086600000, 0x0000000100000000)
  region size 1024K, 2 young (2048K), 2 survivors (2048K)
 Metaspace       used 30317K, capacity 31387K, committed 31616K, reserved 1077248K
  class space    used 3444K, capacity 3873K, committed 3968K, reserved 1048576K
}
Event: 182.646 GC heap before
{Heap before GC invocations=34 (full 0):
 garbage-first heap   total 301056K, used 299387K [0x0000000086600000, 0x0000000100000000)
  region size 1024K, 8 young (8192K), 2 survivors (2048K)
 Metaspace       used 30418K, capacity 31459K, committed 31616K, reserved 1077248K
  class space    used 3444K, capacity 3873K, committed 3968K, reserved 1048576K
}
Event: 182.649 GC heap after
{Heap after GC invocations=35 (full 0):
 garbage-first heap   total 303104K, used 293373K [0x0000000086600000, 0x0000000100000000)
  region size 1024K, 2 young (2048K), 2 survivors (2048K)
 Metaspace       used 30418K, capacity 31459K, committed 31616K, reserved 1077248K
  class space    used 3444K, capacity 3873K, committed 3968K, reserved 1048576K
}
Event: 204.907 GC heap before
{Heap before GC invocations=36 (full 0):
 garbage-first heap   total 303104K, used 301565K [0x0000000086600000, 0x0000000100000000)
  region size 1024K, 10 young (10240K), 2 survivors (2048K)
 Metaspace       used 30525K, capacity 31593K, committed 31872K, reserved 1077248K
  class space    used 3445K, capacity 3873K, committed 3968K, reserved 1048576K
}
Event: 204.909 GC heap after
{Heap after GC invocations=37 (full 0):
 garbage-first heap   total 305152K, used 293626K [0x0000000086600000, 0x0000000100000000)
  region size 1024K, 2 young (2048K), 2 survivors (2048K)
 Metaspace       used 30525K, capacity 31593K, committed 31872K, reserved 1077248K
  class space    used 3445K, capacity 3873K, committed 3968K, reserved 1048576K
}
Event: 232.511 GC heap before
{Heap before GC invocations=37 (full 0):
 garbage-first heap   total 305152K, used 303866K [0x0000000086600000, 0x0000000100000000)
  region size 1024K, 12 young (12288K), 2 survivors (2048K)
 Metaspace       used 30703K, capacity 31794K, committed 32128K, reserved 1077248K
  class space    used 3447K, capacity 3873K, committed 3968K, reserved 1048576K
}
Event: 232.513 GC heap after
{Heap after GC invocations=38 (full 0):
 garbage-first heap   total 307200K, used 293898K [0x0000000086600000, 0x0000000100000000)
  region size 1024K, 2 young (2048K), 2 survivors (2048K)
 Metaspace       used 30703K, capacity 31794K, committed 32128K, reserved 1077248K
  class space    used 3447K, capacity 3873K, committed 3968K, reserved 1048576K
}
Event: 266.952 GC heap before
{Heap before GC invocations=39 (full 0):
 garbage-first heap   total 307200K, used 306186K [0x0000000086600000, 0x0000000100000000)
  region size 1024K, 14 young (14336K), 2 survivors (2048K)
 Metaspace       used 30896K, capacity 31933K, committed 32128K, reserved 1077248K
  class space    used 3447K, capacity 3873K, committed 3968K, reserved 1048576K
}
Event: 266.955 GC heap after
{Heap after GC invocations=40 (full 0):
 garbage-first heap   total 309248K, used 294204K [0x0000000086600000, 0x0000000100000000)
  region size 1024K, 2 young (2048K), 2 survivors (2048K)
 Metaspace       used 30896K, capacity 31933K, committed 32128K, reserved 1077248K
  class space    used 3447K, capacity 3873K, committed 3968K, reserved 1048576K
}

